



--------------------VISITED AT: 2013-09-25 17:20:55--------------------


SHOW TABLES FROM jirabol
File: /www/fastdevelphp3/core/Owen.php --- Function: __construct --- Line: 235
File: /www/fastdevelphp3/app/controllers/fastdevelphp/UI_scaffold_Controller.php --- Function: FD_Management --- Line: 15
File: /www/fastdevelphp3/core/FD_Management.php --- Function: FD_ConexionDB --- Line: 28
File: /www/fastdevelphp3/core/FD_ConexionDB.php --- Function: retractDB --- Line: 28
File: /www/fastdevelphp3/core/FD_ConexionDB.php --- Function: getDatabaseTables --- Line: 166
File: /www/fastdevelphp3/core/FD_ConexionDB.php --- Function: execQuery --- Line: 128
File: /www/fastdevelphp3/core/FD_ConexionDB.php --- Function: fd_log --- Line: 41


SHOW COLUMNS FROM asign_project
File: /www/fastdevelphp3/core/Owen.php --- Function: __construct --- Line: 235
File: /www/fastdevelphp3/app/controllers/fastdevelphp/UI_scaffold_Controller.php --- Function: FD_Management --- Line: 15
File: /www/fastdevelphp3/core/FD_Management.php --- Function: FD_ConexionDB --- Line: 28
File: /www/fastdevelphp3/core/FD_ConexionDB.php --- Function: retractDB --- Line: 28
File: /www/fastdevelphp3/core/FD_ConexionDB.php --- Function: getFieldsTable --- Line: 172
File: /www/fastdevelphp3/core/FD_ConexionDB.php --- Function: execQuery --- Line: 149
File: /www/fastdevelphp3/core/FD_ConexionDB.php --- Function: fd_log --- Line: 41


SHOW COLUMNS FROM asign_project
File: /www/fastdevelphp3/core/Owen.php --- Function: __construct --- Line: 235
File: /www/fastdevelphp3/app/controllers/fastdevelphp/UI_scaffold_Controller.php --- Function: FD_Management --- Line: 15
File: /www/fastdevelphp3/core/FD_Management.php --- Function: FD_ConexionDB --- Line: 28
File: /www/fastdevelphp3/core/FD_ConexionDB.php --- Function: retractDB --- Line: 28
File: /www/fastdevelphp3/core/FD_ConexionDB.php --- Function: getKeysTable --- Line: 173
File: /www/fastdevelphp3/core/FD_ConexionDB.php --- Function: execQuery --- Line: 103
File: /www/fastdevelphp3/core/FD_ConexionDB.php --- Function: fd_log --- Line: 41


SHOW COLUMNS FROM backlog
File: /www/fastdevelphp3/core/Owen.php --- Function: __construct --- Line: 235
File: /www/fastdevelphp3/app/controllers/fastdevelphp/UI_scaffold_Controller.php --- Function: FD_Management --- Line: 15
File: /www/fastdevelphp3/core/FD_Management.php --- Function: FD_ConexionDB --- Line: 28
File: /www/fastdevelphp3/core/FD_ConexionDB.php --- Function: retractDB --- Line: 28
File: /www/fastdevelphp3/core/FD_ConexionDB.php --- Function: getFieldsTable --- Line: 172
File: /www/fastdevelphp3/core/FD_ConexionDB.php --- Function: execQuery --- Line: 149
File: /www/fastdevelphp3/core/FD_ConexionDB.php --- Function: fd_log --- Line: 41


SHOW COLUMNS FROM backlog
File: /www/fastdevelphp3/core/Owen.php --- Function: __construct --- Line: 235
File: /www/fastdevelphp3/app/controllers/fastdevelphp/UI_scaffold_Controller.php --- Function: FD_Management --- Line: 15
File: /www/fastdevelphp3/core/FD_Management.php --- Function: FD_ConexionDB --- Line: 28
File: /www/fastdevelphp3/core/FD_ConexionDB.php --- Function: retractDB --- Line: 28
File: /www/fastdevelphp3/core/FD_ConexionDB.php --- Function: getKeysTable --- Line: 173
File: /www/fastdevelphp3/core/FD_ConexionDB.php --- Function: execQuery --- Line: 103
File: /www/fastdevelphp3/core/FD_ConexionDB.php --- Function: fd_log --- Line: 41


SHOW COLUMNS FROM client
File: /www/fastdevelphp3/core/Owen.php --- Function: __construct --- Line: 235
File: /www/fastdevelphp3/app/controllers/fastdevelphp/UI_scaffold_Controller.php --- Function: FD_Management --- Line: 15
File: /www/fastdevelphp3/core/FD_Management.php --- Function: FD_ConexionDB --- Line: 28
File: /www/fastdevelphp3/core/FD_ConexionDB.php --- Function: retractDB --- Line: 28
File: /www/fastdevelphp3/core/FD_ConexionDB.php --- Function: getFieldsTable --- Line: 172
File: /www/fastdevelphp3/core/FD_ConexionDB.php --- Function: execQuery --- Line: 149
File: /www/fastdevelphp3/core/FD_ConexionDB.php --- Function: fd_log --- Line: 41


SHOW COLUMNS FROM client
File: /www/fastdevelphp3/core/Owen.php --- Function: __construct --- Line: 235
File: /www/fastdevelphp3/app/controllers/fastdevelphp/UI_scaffold_Controller.php --- Function: FD_Management --- Line: 15
File: /www/fastdevelphp3/core/FD_Management.php --- Function: FD_ConexionDB --- Line: 28
File: /www/fastdevelphp3/core/FD_ConexionDB.php --- Function: retractDB --- Line: 28
File: /www/fastdevelphp3/core/FD_ConexionDB.php --- Function: getKeysTable --- Line: 173
File: /www/fastdevelphp3/core/FD_ConexionDB.php --- Function: execQuery --- Line: 103
File: /www/fastdevelphp3/core/FD_ConexionDB.php --- Function: fd_log --- Line: 41


SHOW COLUMNS FROM company
File: /www/fastdevelphp3/core/Owen.php --- Function: __construct --- Line: 235
File: /www/fastdevelphp3/app/controllers/fastdevelphp/UI_scaffold_Controller.php --- Function: FD_Management --- Line: 15
File: /www/fastdevelphp3/core/FD_Management.php --- Function: FD_ConexionDB --- Line: 28
File: /www/fastdevelphp3/core/FD_ConexionDB.php --- Function: retractDB --- Line: 28
File: /www/fastdevelphp3/core/FD_ConexionDB.php --- Function: getFieldsTable --- Line: 172
File: /www/fastdevelphp3/core/FD_ConexionDB.php --- Function: execQuery --- Line: 149
File: /www/fastdevelphp3/core/FD_ConexionDB.php --- Function: fd_log --- Line: 41


SHOW COLUMNS FROM company
File: /www/fastdevelphp3/core/Owen.php --- Function: __construct --- Line: 235
File: /www/fastdevelphp3/app/controllers/fastdevelphp/UI_scaffold_Controller.php --- Function: FD_Management --- Line: 15
File: /www/fastdevelphp3/core/FD_Management.php --- Function: FD_ConexionDB --- Line: 28
File: /www/fastdevelphp3/core/FD_ConexionDB.php --- Function: retractDB --- Line: 28
File: /www/fastdevelphp3/core/FD_ConexionDB.php --- Function: getKeysTable --- Line: 173
File: /www/fastdevelphp3/core/FD_ConexionDB.php --- Function: execQuery --- Line: 103
File: /www/fastdevelphp3/core/FD_ConexionDB.php --- Function: fd_log --- Line: 41


SHOW COLUMNS FROM company_user
File: /www/fastdevelphp3/core/Owen.php --- Function: __construct --- Line: 235
File: /www/fastdevelphp3/app/controllers/fastdevelphp/UI_scaffold_Controller.php --- Function: FD_Management --- Line: 15
File: /www/fastdevelphp3/core/FD_Management.php --- Function: FD_ConexionDB --- Line: 28
File: /www/fastdevelphp3/core/FD_ConexionDB.php --- Function: retractDB --- Line: 28
File: /www/fastdevelphp3/core/FD_ConexionDB.php --- Function: getFieldsTable --- Line: 172
File: /www/fastdevelphp3/core/FD_ConexionDB.php --- Function: execQuery --- Line: 149
File: /www/fastdevelphp3/core/FD_ConexionDB.php --- Function: fd_log --- Line: 41


SHOW COLUMNS FROM company_user
File: /www/fastdevelphp3/core/Owen.php --- Function: __construct --- Line: 235
File: /www/fastdevelphp3/app/controllers/fastdevelphp/UI_scaffold_Controller.php --- Function: FD_Management --- Line: 15
File: /www/fastdevelphp3/core/FD_Management.php --- Function: FD_ConexionDB --- Line: 28
File: /www/fastdevelphp3/core/FD_ConexionDB.php --- Function: retractDB --- Line: 28
File: /www/fastdevelphp3/core/FD_ConexionDB.php --- Function: getKeysTable --- Line: 173
File: /www/fastdevelphp3/core/FD_ConexionDB.php --- Function: execQuery --- Line: 103
File: /www/fastdevelphp3/core/FD_ConexionDB.php --- Function: fd_log --- Line: 41


SHOW COLUMNS FROM document
File: /www/fastdevelphp3/core/Owen.php --- Function: __construct --- Line: 235
File: /www/fastdevelphp3/app/controllers/fastdevelphp/UI_scaffold_Controller.php --- Function: FD_Management --- Line: 15
File: /www/fastdevelphp3/core/FD_Management.php --- Function: FD_ConexionDB --- Line: 28
File: /www/fastdevelphp3/core/FD_ConexionDB.php --- Function: retractDB --- Line: 28
File: /www/fastdevelphp3/core/FD_ConexionDB.php --- Function: getFieldsTable --- Line: 172
File: /www/fastdevelphp3/core/FD_ConexionDB.php --- Function: execQuery --- Line: 149
File: /www/fastdevelphp3/core/FD_ConexionDB.php --- Function: fd_log --- Line: 41


SHOW COLUMNS FROM document
File: /www/fastdevelphp3/core/Owen.php --- Function: __construct --- Line: 235
File: /www/fastdevelphp3/app/controllers/fastdevelphp/UI_scaffold_Controller.php --- Function: FD_Management --- Line: 15
File: /www/fastdevelphp3/core/FD_Management.php --- Function: FD_ConexionDB --- Line: 28
File: /www/fastdevelphp3/core/FD_ConexionDB.php --- Function: retractDB --- Line: 28
File: /www/fastdevelphp3/core/FD_ConexionDB.php --- Function: getKeysTable --- Line: 173
File: /www/fastdevelphp3/core/FD_ConexionDB.php --- Function: execQuery --- Line: 103
File: /www/fastdevelphp3/core/FD_ConexionDB.php --- Function: fd_log --- Line: 41


SHOW COLUMNS FROM fase
File: /www/fastdevelphp3/core/Owen.php --- Function: __construct --- Line: 235
File: /www/fastdevelphp3/app/controllers/fastdevelphp/UI_scaffold_Controller.php --- Function: FD_Management --- Line: 15
File: /www/fastdevelphp3/core/FD_Management.php --- Function: FD_ConexionDB --- Line: 28
File: /www/fastdevelphp3/core/FD_ConexionDB.php --- Function: retractDB --- Line: 28
File: /www/fastdevelphp3/core/FD_ConexionDB.php --- Function: getFieldsTable --- Line: 172
File: /www/fastdevelphp3/core/FD_ConexionDB.php --- Function: execQuery --- Line: 149
File: /www/fastdevelphp3/core/FD_ConexionDB.php --- Function: fd_log --- Line: 41


SHOW COLUMNS FROM fase
File: /www/fastdevelphp3/core/Owen.php --- Function: __construct --- Line: 235
File: /www/fastdevelphp3/app/controllers/fastdevelphp/UI_scaffold_Controller.php --- Function: FD_Management --- Line: 15
File: /www/fastdevelphp3/core/FD_Management.php --- Function: FD_ConexionDB --- Line: 28
File: /www/fastdevelphp3/core/FD_ConexionDB.php --- Function: retractDB --- Line: 28
File: /www/fastdevelphp3/core/FD_ConexionDB.php --- Function: getKeysTable --- Line: 173
File: /www/fastdevelphp3/core/FD_ConexionDB.php --- Function: execQuery --- Line: 103
File: /www/fastdevelphp3/core/FD_ConexionDB.php --- Function: fd_log --- Line: 41


SHOW COLUMNS FROM fase_available
File: /www/fastdevelphp3/core/Owen.php --- Function: __construct --- Line: 235
File: /www/fastdevelphp3/app/controllers/fastdevelphp/UI_scaffold_Controller.php --- Function: FD_Management --- Line: 15
File: /www/fastdevelphp3/core/FD_Management.php --- Function: FD_ConexionDB --- Line: 28
File: /www/fastdevelphp3/core/FD_ConexionDB.php --- Function: retractDB --- Line: 28
File: /www/fastdevelphp3/core/FD_ConexionDB.php --- Function: getFieldsTable --- Line: 172
File: /www/fastdevelphp3/core/FD_ConexionDB.php --- Function: execQuery --- Line: 149
File: /www/fastdevelphp3/core/FD_ConexionDB.php --- Function: fd_log --- Line: 41


SHOW COLUMNS FROM fase_available
File: /www/fastdevelphp3/core/Owen.php --- Function: __construct --- Line: 235
File: /www/fastdevelphp3/app/controllers/fastdevelphp/UI_scaffold_Controller.php --- Function: FD_Management --- Line: 15
File: /www/fastdevelphp3/core/FD_Management.php --- Function: FD_ConexionDB --- Line: 28
File: /www/fastdevelphp3/core/FD_ConexionDB.php --- Function: retractDB --- Line: 28
File: /www/fastdevelphp3/core/FD_ConexionDB.php --- Function: getKeysTable --- Line: 173
File: /www/fastdevelphp3/core/FD_ConexionDB.php --- Function: execQuery --- Line: 103
File: /www/fastdevelphp3/core/FD_ConexionDB.php --- Function: fd_log --- Line: 41


SHOW COLUMNS FROM fase_changed
File: /www/fastdevelphp3/core/Owen.php --- Function: __construct --- Line: 235
File: /www/fastdevelphp3/app/controllers/fastdevelphp/UI_scaffold_Controller.php --- Function: FD_Management --- Line: 15
File: /www/fastdevelphp3/core/FD_Management.php --- Function: FD_ConexionDB --- Line: 28
File: /www/fastdevelphp3/core/FD_ConexionDB.php --- Function: retractDB --- Line: 28
File: /www/fastdevelphp3/core/FD_ConexionDB.php --- Function: getFieldsTable --- Line: 172
File: /www/fastdevelphp3/core/FD_ConexionDB.php --- Function: execQuery --- Line: 149
File: /www/fastdevelphp3/core/FD_ConexionDB.php --- Function: fd_log --- Line: 41


SHOW COLUMNS FROM fase_changed
File: /www/fastdevelphp3/core/Owen.php --- Function: __construct --- Line: 235
File: /www/fastdevelphp3/app/controllers/fastdevelphp/UI_scaffold_Controller.php --- Function: FD_Management --- Line: 15
File: /www/fastdevelphp3/core/FD_Management.php --- Function: FD_ConexionDB --- Line: 28
File: /www/fastdevelphp3/core/FD_ConexionDB.php --- Function: retractDB --- Line: 28
File: /www/fastdevelphp3/core/FD_ConexionDB.php --- Function: getKeysTable --- Line: 173
File: /www/fastdevelphp3/core/FD_ConexionDB.php --- Function: execQuery --- Line: 103
File: /www/fastdevelphp3/core/FD_ConexionDB.php --- Function: fd_log --- Line: 41


SHOW COLUMNS FROM feedback
File: /www/fastdevelphp3/core/Owen.php --- Function: __construct --- Line: 235
File: /www/fastdevelphp3/app/controllers/fastdevelphp/UI_scaffold_Controller.php --- Function: FD_Management --- Line: 15
File: /www/fastdevelphp3/core/FD_Management.php --- Function: FD_ConexionDB --- Line: 28
File: /www/fastdevelphp3/core/FD_ConexionDB.php --- Function: retractDB --- Line: 28
File: /www/fastdevelphp3/core/FD_ConexionDB.php --- Function: getFieldsTable --- Line: 172
File: /www/fastdevelphp3/core/FD_ConexionDB.php --- Function: execQuery --- Line: 149
File: /www/fastdevelphp3/core/FD_ConexionDB.php --- Function: fd_log --- Line: 41


SHOW COLUMNS FROM feedback
File: /www/fastdevelphp3/core/Owen.php --- Function: __construct --- Line: 235
File: /www/fastdevelphp3/app/controllers/fastdevelphp/UI_scaffold_Controller.php --- Function: FD_Management --- Line: 15
File: /www/fastdevelphp3/core/FD_Management.php --- Function: FD_ConexionDB --- Line: 28
File: /www/fastdevelphp3/core/FD_ConexionDB.php --- Function: retractDB --- Line: 28
File: /www/fastdevelphp3/core/FD_ConexionDB.php --- Function: getKeysTable --- Line: 173
File: /www/fastdevelphp3/core/FD_ConexionDB.php --- Function: execQuery --- Line: 103
File: /www/fastdevelphp3/core/FD_ConexionDB.php --- Function: fd_log --- Line: 41


SHOW COLUMNS FROM horaregistrada
File: /www/fastdevelphp3/core/Owen.php --- Function: __construct --- Line: 235
File: /www/fastdevelphp3/app/controllers/fastdevelphp/UI_scaffold_Controller.php --- Function: FD_Management --- Line: 15
File: /www/fastdevelphp3/core/FD_Management.php --- Function: FD_ConexionDB --- Line: 28
File: /www/fastdevelphp3/core/FD_ConexionDB.php --- Function: retractDB --- Line: 28
File: /www/fastdevelphp3/core/FD_ConexionDB.php --- Function: getFieldsTable --- Line: 172
File: /www/fastdevelphp3/core/FD_ConexionDB.php --- Function: execQuery --- Line: 149
File: /www/fastdevelphp3/core/FD_ConexionDB.php --- Function: fd_log --- Line: 41


SHOW COLUMNS FROM horaregistrada
File: /www/fastdevelphp3/core/Owen.php --- Function: __construct --- Line: 235
File: /www/fastdevelphp3/app/controllers/fastdevelphp/UI_scaffold_Controller.php --- Function: FD_Management --- Line: 15
File: /www/fastdevelphp3/core/FD_Management.php --- Function: FD_ConexionDB --- Line: 28
File: /www/fastdevelphp3/core/FD_ConexionDB.php --- Function: retractDB --- Line: 28
File: /www/fastdevelphp3/core/FD_ConexionDB.php --- Function: getKeysTable --- Line: 173
File: /www/fastdevelphp3/core/FD_ConexionDB.php --- Function: execQuery --- Line: 103
File: /www/fastdevelphp3/core/FD_ConexionDB.php --- Function: fd_log --- Line: 41


SHOW COLUMNS FROM hour_work
File: /www/fastdevelphp3/core/Owen.php --- Function: __construct --- Line: 235
File: /www/fastdevelphp3/app/controllers/fastdevelphp/UI_scaffold_Controller.php --- Function: FD_Management --- Line: 15
File: /www/fastdevelphp3/core/FD_Management.php --- Function: FD_ConexionDB --- Line: 28
File: /www/fastdevelphp3/core/FD_ConexionDB.php --- Function: retractDB --- Line: 28
File: /www/fastdevelphp3/core/FD_ConexionDB.php --- Function: getFieldsTable --- Line: 172
File: /www/fastdevelphp3/core/FD_ConexionDB.php --- Function: execQuery --- Line: 149
File: /www/fastdevelphp3/core/FD_ConexionDB.php --- Function: fd_log --- Line: 41


SHOW COLUMNS FROM hour_work
File: /www/fastdevelphp3/core/Owen.php --- Function: __construct --- Line: 235
File: /www/fastdevelphp3/app/controllers/fastdevelphp/UI_scaffold_Controller.php --- Function: FD_Management --- Line: 15
File: /www/fastdevelphp3/core/FD_Management.php --- Function: FD_ConexionDB --- Line: 28
File: /www/fastdevelphp3/core/FD_ConexionDB.php --- Function: retractDB --- Line: 28
File: /www/fastdevelphp3/core/FD_ConexionDB.php --- Function: getKeysTable --- Line: 173
File: /www/fastdevelphp3/core/FD_ConexionDB.php --- Function: execQuery --- Line: 103
File: /www/fastdevelphp3/core/FD_ConexionDB.php --- Function: fd_log --- Line: 41


SHOW COLUMNS FROM log
File: /www/fastdevelphp3/core/Owen.php --- Function: __construct --- Line: 235
File: /www/fastdevelphp3/app/controllers/fastdevelphp/UI_scaffold_Controller.php --- Function: FD_Management --- Line: 15
File: /www/fastdevelphp3/core/FD_Management.php --- Function: FD_ConexionDB --- Line: 28
File: /www/fastdevelphp3/core/FD_ConexionDB.php --- Function: retractDB --- Line: 28
File: /www/fastdevelphp3/core/FD_ConexionDB.php --- Function: getFieldsTable --- Line: 172
File: /www/fastdevelphp3/core/FD_ConexionDB.php --- Function: execQuery --- Line: 149
File: /www/fastdevelphp3/core/FD_ConexionDB.php --- Function: fd_log --- Line: 41


SHOW COLUMNS FROM log
File: /www/fastdevelphp3/core/Owen.php --- Function: __construct --- Line: 235
File: /www/fastdevelphp3/app/controllers/fastdevelphp/UI_scaffold_Controller.php --- Function: FD_Management --- Line: 15
File: /www/fastdevelphp3/core/FD_Management.php --- Function: FD_ConexionDB --- Line: 28
File: /www/fastdevelphp3/core/FD_ConexionDB.php --- Function: retractDB --- Line: 28
File: /www/fastdevelphp3/core/FD_ConexionDB.php --- Function: getKeysTable --- Line: 173
File: /www/fastdevelphp3/core/FD_ConexionDB.php --- Function: execQuery --- Line: 103
File: /www/fastdevelphp3/core/FD_ConexionDB.php --- Function: fd_log --- Line: 41


SHOW COLUMNS FROM message
File: /www/fastdevelphp3/core/Owen.php --- Function: __construct --- Line: 235
File: /www/fastdevelphp3/app/controllers/fastdevelphp/UI_scaffold_Controller.php --- Function: FD_Management --- Line: 15
File: /www/fastdevelphp3/core/FD_Management.php --- Function: FD_ConexionDB --- Line: 28
File: /www/fastdevelphp3/core/FD_ConexionDB.php --- Function: retractDB --- Line: 28
File: /www/fastdevelphp3/core/FD_ConexionDB.php --- Function: getFieldsTable --- Line: 172
File: /www/fastdevelphp3/core/FD_ConexionDB.php --- Function: execQuery --- Line: 149
File: /www/fastdevelphp3/core/FD_ConexionDB.php --- Function: fd_log --- Line: 41


SHOW COLUMNS FROM message
File: /www/fastdevelphp3/core/Owen.php --- Function: __construct --- Line: 235
File: /www/fastdevelphp3/app/controllers/fastdevelphp/UI_scaffold_Controller.php --- Function: FD_Management --- Line: 15
File: /www/fastdevelphp3/core/FD_Management.php --- Function: FD_ConexionDB --- Line: 28
File: /www/fastdevelphp3/core/FD_ConexionDB.php --- Function: retractDB --- Line: 28
File: /www/fastdevelphp3/core/FD_ConexionDB.php --- Function: getKeysTable --- Line: 173
File: /www/fastdevelphp3/core/FD_ConexionDB.php --- Function: execQuery --- Line: 103
File: /www/fastdevelphp3/core/FD_ConexionDB.php --- Function: fd_log --- Line: 41


SHOW COLUMNS FROM money
File: /www/fastdevelphp3/core/Owen.php --- Function: __construct --- Line: 235
File: /www/fastdevelphp3/app/controllers/fastdevelphp/UI_scaffold_Controller.php --- Function: FD_Management --- Line: 15
File: /www/fastdevelphp3/core/FD_Management.php --- Function: FD_ConexionDB --- Line: 28
File: /www/fastdevelphp3/core/FD_ConexionDB.php --- Function: retractDB --- Line: 28
File: /www/fastdevelphp3/core/FD_ConexionDB.php --- Function: getFieldsTable --- Line: 172
File: /www/fastdevelphp3/core/FD_ConexionDB.php --- Function: execQuery --- Line: 149
File: /www/fastdevelphp3/core/FD_ConexionDB.php --- Function: fd_log --- Line: 41


SHOW COLUMNS FROM money
File: /www/fastdevelphp3/core/Owen.php --- Function: __construct --- Line: 235
File: /www/fastdevelphp3/app/controllers/fastdevelphp/UI_scaffold_Controller.php --- Function: FD_Management --- Line: 15
File: /www/fastdevelphp3/core/FD_Management.php --- Function: FD_ConexionDB --- Line: 28
File: /www/fastdevelphp3/core/FD_ConexionDB.php --- Function: retractDB --- Line: 28
File: /www/fastdevelphp3/core/FD_ConexionDB.php --- Function: getKeysTable --- Line: 173
File: /www/fastdevelphp3/core/FD_ConexionDB.php --- Function: execQuery --- Line: 103
File: /www/fastdevelphp3/core/FD_ConexionDB.php --- Function: fd_log --- Line: 41


SHOW COLUMNS FROM perm
File: /www/fastdevelphp3/core/Owen.php --- Function: __construct --- Line: 235
File: /www/fastdevelphp3/app/controllers/fastdevelphp/UI_scaffold_Controller.php --- Function: FD_Management --- Line: 15
File: /www/fastdevelphp3/core/FD_Management.php --- Function: FD_ConexionDB --- Line: 28
File: /www/fastdevelphp3/core/FD_ConexionDB.php --- Function: retractDB --- Line: 28
File: /www/fastdevelphp3/core/FD_ConexionDB.php --- Function: getFieldsTable --- Line: 172
File: /www/fastdevelphp3/core/FD_ConexionDB.php --- Function: execQuery --- Line: 149
File: /www/fastdevelphp3/core/FD_ConexionDB.php --- Function: fd_log --- Line: 41


SHOW COLUMNS FROM perm
File: /www/fastdevelphp3/core/Owen.php --- Function: __construct --- Line: 235
File: /www/fastdevelphp3/app/controllers/fastdevelphp/UI_scaffold_Controller.php --- Function: FD_Management --- Line: 15
File: /www/fastdevelphp3/core/FD_Management.php --- Function: FD_ConexionDB --- Line: 28
File: /www/fastdevelphp3/core/FD_ConexionDB.php --- Function: retractDB --- Line: 28
File: /www/fastdevelphp3/core/FD_ConexionDB.php --- Function: getKeysTable --- Line: 173
File: /www/fastdevelphp3/core/FD_ConexionDB.php --- Function: execQuery --- Line: 103
File: /www/fastdevelphp3/core/FD_ConexionDB.php --- Function: fd_log --- Line: 41


SHOW COLUMNS FROM position
File: /www/fastdevelphp3/core/Owen.php --- Function: __construct --- Line: 235
File: /www/fastdevelphp3/app/controllers/fastdevelphp/UI_scaffold_Controller.php --- Function: FD_Management --- Line: 15
File: /www/fastdevelphp3/core/FD_Management.php --- Function: FD_ConexionDB --- Line: 28
File: /www/fastdevelphp3/core/FD_ConexionDB.php --- Function: retractDB --- Line: 28
File: /www/fastdevelphp3/core/FD_ConexionDB.php --- Function: getFieldsTable --- Line: 172
File: /www/fastdevelphp3/core/FD_ConexionDB.php --- Function: execQuery --- Line: 149
File: /www/fastdevelphp3/core/FD_ConexionDB.php --- Function: fd_log --- Line: 41


SHOW COLUMNS FROM position
File: /www/fastdevelphp3/core/Owen.php --- Function: __construct --- Line: 235
File: /www/fastdevelphp3/app/controllers/fastdevelphp/UI_scaffold_Controller.php --- Function: FD_Management --- Line: 15
File: /www/fastdevelphp3/core/FD_Management.php --- Function: FD_ConexionDB --- Line: 28
File: /www/fastdevelphp3/core/FD_ConexionDB.php --- Function: retractDB --- Line: 28
File: /www/fastdevelphp3/core/FD_ConexionDB.php --- Function: getKeysTable --- Line: 173
File: /www/fastdevelphp3/core/FD_ConexionDB.php --- Function: execQuery --- Line: 103
File: /www/fastdevelphp3/core/FD_ConexionDB.php --- Function: fd_log --- Line: 41


SHOW COLUMNS FROM priority_task
File: /www/fastdevelphp3/core/Owen.php --- Function: __construct --- Line: 235
File: /www/fastdevelphp3/app/controllers/fastdevelphp/UI_scaffold_Controller.php --- Function: FD_Management --- Line: 15
File: /www/fastdevelphp3/core/FD_Management.php --- Function: FD_ConexionDB --- Line: 28
File: /www/fastdevelphp3/core/FD_ConexionDB.php --- Function: retractDB --- Line: 28
File: /www/fastdevelphp3/core/FD_ConexionDB.php --- Function: getFieldsTable --- Line: 172
File: /www/fastdevelphp3/core/FD_ConexionDB.php --- Function: execQuery --- Line: 149
File: /www/fastdevelphp3/core/FD_ConexionDB.php --- Function: fd_log --- Line: 41


SHOW COLUMNS FROM priority_task
File: /www/fastdevelphp3/core/Owen.php --- Function: __construct --- Line: 235
File: /www/fastdevelphp3/app/controllers/fastdevelphp/UI_scaffold_Controller.php --- Function: FD_Management --- Line: 15
File: /www/fastdevelphp3/core/FD_Management.php --- Function: FD_ConexionDB --- Line: 28
File: /www/fastdevelphp3/core/FD_ConexionDB.php --- Function: retractDB --- Line: 28
File: /www/fastdevelphp3/core/FD_ConexionDB.php --- Function: getKeysTable --- Line: 173
File: /www/fastdevelphp3/core/FD_ConexionDB.php --- Function: execQuery --- Line: 103
File: /www/fastdevelphp3/core/FD_ConexionDB.php --- Function: fd_log --- Line: 41


SHOW COLUMNS FROM project
File: /www/fastdevelphp3/core/Owen.php --- Function: __construct --- Line: 235
File: /www/fastdevelphp3/app/controllers/fastdevelphp/UI_scaffold_Controller.php --- Function: FD_Management --- Line: 15
File: /www/fastdevelphp3/core/FD_Management.php --- Function: FD_ConexionDB --- Line: 28
File: /www/fastdevelphp3/core/FD_ConexionDB.php --- Function: retractDB --- Line: 28
File: /www/fastdevelphp3/core/FD_ConexionDB.php --- Function: getFieldsTable --- Line: 172
File: /www/fastdevelphp3/core/FD_ConexionDB.php --- Function: execQuery --- Line: 149
File: /www/fastdevelphp3/core/FD_ConexionDB.php --- Function: fd_log --- Line: 41


SHOW COLUMNS FROM project
File: /www/fastdevelphp3/core/Owen.php --- Function: __construct --- Line: 235
File: /www/fastdevelphp3/app/controllers/fastdevelphp/UI_scaffold_Controller.php --- Function: FD_Management --- Line: 15
File: /www/fastdevelphp3/core/FD_Management.php --- Function: FD_ConexionDB --- Line: 28
File: /www/fastdevelphp3/core/FD_ConexionDB.php --- Function: retractDB --- Line: 28
File: /www/fastdevelphp3/core/FD_ConexionDB.php --- Function: getKeysTable --- Line: 173
File: /www/fastdevelphp3/core/FD_ConexionDB.php --- Function: execQuery --- Line: 103
File: /www/fastdevelphp3/core/FD_ConexionDB.php --- Function: fd_log --- Line: 41


SHOW COLUMNS FROM project_dev
File: /www/fastdevelphp3/core/Owen.php --- Function: __construct --- Line: 235
File: /www/fastdevelphp3/app/controllers/fastdevelphp/UI_scaffold_Controller.php --- Function: FD_Management --- Line: 15
File: /www/fastdevelphp3/core/FD_Management.php --- Function: FD_ConexionDB --- Line: 28
File: /www/fastdevelphp3/core/FD_ConexionDB.php --- Function: retractDB --- Line: 28
File: /www/fastdevelphp3/core/FD_ConexionDB.php --- Function: getFieldsTable --- Line: 172
File: /www/fastdevelphp3/core/FD_ConexionDB.php --- Function: execQuery --- Line: 149
File: /www/fastdevelphp3/core/FD_ConexionDB.php --- Function: fd_log --- Line: 41


SHOW COLUMNS FROM project_dev
File: /www/fastdevelphp3/core/Owen.php --- Function: __construct --- Line: 235
File: /www/fastdevelphp3/app/controllers/fastdevelphp/UI_scaffold_Controller.php --- Function: FD_Management --- Line: 15
File: /www/fastdevelphp3/core/FD_Management.php --- Function: FD_ConexionDB --- Line: 28
File: /www/fastdevelphp3/core/FD_ConexionDB.php --- Function: retractDB --- Line: 28
File: /www/fastdevelphp3/core/FD_ConexionDB.php --- Function: getKeysTable --- Line: 173
File: /www/fastdevelphp3/core/FD_ConexionDB.php --- Function: execQuery --- Line: 103
File: /www/fastdevelphp3/core/FD_ConexionDB.php --- Function: fd_log --- Line: 41


SHOW COLUMNS FROM retrasos
File: /www/fastdevelphp3/core/Owen.php --- Function: __construct --- Line: 235
File: /www/fastdevelphp3/app/controllers/fastdevelphp/UI_scaffold_Controller.php --- Function: FD_Management --- Line: 15
File: /www/fastdevelphp3/core/FD_Management.php --- Function: FD_ConexionDB --- Line: 28
File: /www/fastdevelphp3/core/FD_ConexionDB.php --- Function: retractDB --- Line: 28
File: /www/fastdevelphp3/core/FD_ConexionDB.php --- Function: getFieldsTable --- Line: 172
File: /www/fastdevelphp3/core/FD_ConexionDB.php --- Function: execQuery --- Line: 149
File: /www/fastdevelphp3/core/FD_ConexionDB.php --- Function: fd_log --- Line: 41


SHOW COLUMNS FROM retrasos
File: /www/fastdevelphp3/core/Owen.php --- Function: __construct --- Line: 235
File: /www/fastdevelphp3/app/controllers/fastdevelphp/UI_scaffold_Controller.php --- Function: FD_Management --- Line: 15
File: /www/fastdevelphp3/core/FD_Management.php --- Function: FD_ConexionDB --- Line: 28
File: /www/fastdevelphp3/core/FD_ConexionDB.php --- Function: retractDB --- Line: 28
File: /www/fastdevelphp3/core/FD_ConexionDB.php --- Function: getKeysTable --- Line: 173
File: /www/fastdevelphp3/core/FD_ConexionDB.php --- Function: execQuery --- Line: 103
File: /www/fastdevelphp3/core/FD_ConexionDB.php --- Function: fd_log --- Line: 41


SHOW COLUMNS FROM role
File: /www/fastdevelphp3/core/Owen.php --- Function: __construct --- Line: 235
File: /www/fastdevelphp3/app/controllers/fastdevelphp/UI_scaffold_Controller.php --- Function: FD_Management --- Line: 15
File: /www/fastdevelphp3/core/FD_Management.php --- Function: FD_ConexionDB --- Line: 28
File: /www/fastdevelphp3/core/FD_ConexionDB.php --- Function: retractDB --- Line: 28
File: /www/fastdevelphp3/core/FD_ConexionDB.php --- Function: getFieldsTable --- Line: 172
File: /www/fastdevelphp3/core/FD_ConexionDB.php --- Function: execQuery --- Line: 149
File: /www/fastdevelphp3/core/FD_ConexionDB.php --- Function: fd_log --- Line: 41


SHOW COLUMNS FROM role
File: /www/fastdevelphp3/core/Owen.php --- Function: __construct --- Line: 235
File: /www/fastdevelphp3/app/controllers/fastdevelphp/UI_scaffold_Controller.php --- Function: FD_Management --- Line: 15
File: /www/fastdevelphp3/core/FD_Management.php --- Function: FD_ConexionDB --- Line: 28
File: /www/fastdevelphp3/core/FD_ConexionDB.php --- Function: retractDB --- Line: 28
File: /www/fastdevelphp3/core/FD_ConexionDB.php --- Function: getKeysTable --- Line: 173
File: /www/fastdevelphp3/core/FD_ConexionDB.php --- Function: execQuery --- Line: 103
File: /www/fastdevelphp3/core/FD_ConexionDB.php --- Function: fd_log --- Line: 41


SHOW COLUMNS FROM sprint
File: /www/fastdevelphp3/core/Owen.php --- Function: __construct --- Line: 235
File: /www/fastdevelphp3/app/controllers/fastdevelphp/UI_scaffold_Controller.php --- Function: FD_Management --- Line: 15
File: /www/fastdevelphp3/core/FD_Management.php --- Function: FD_ConexionDB --- Line: 28
File: /www/fastdevelphp3/core/FD_ConexionDB.php --- Function: retractDB --- Line: 28
File: /www/fastdevelphp3/core/FD_ConexionDB.php --- Function: getFieldsTable --- Line: 172
File: /www/fastdevelphp3/core/FD_ConexionDB.php --- Function: execQuery --- Line: 149
File: /www/fastdevelphp3/core/FD_ConexionDB.php --- Function: fd_log --- Line: 41


SHOW COLUMNS FROM sprint
File: /www/fastdevelphp3/core/Owen.php --- Function: __construct --- Line: 235
File: /www/fastdevelphp3/app/controllers/fastdevelphp/UI_scaffold_Controller.php --- Function: FD_Management --- Line: 15
File: /www/fastdevelphp3/core/FD_Management.php --- Function: FD_ConexionDB --- Line: 28
File: /www/fastdevelphp3/core/FD_ConexionDB.php --- Function: retractDB --- Line: 28
File: /www/fastdevelphp3/core/FD_ConexionDB.php --- Function: getKeysTable --- Line: 173
File: /www/fastdevelphp3/core/FD_ConexionDB.php --- Function: execQuery --- Line: 103
File: /www/fastdevelphp3/core/FD_ConexionDB.php --- Function: fd_log --- Line: 41


SHOW COLUMNS FROM status_project
File: /www/fastdevelphp3/core/Owen.php --- Function: __construct --- Line: 235
File: /www/fastdevelphp3/app/controllers/fastdevelphp/UI_scaffold_Controller.php --- Function: FD_Management --- Line: 15
File: /www/fastdevelphp3/core/FD_Management.php --- Function: FD_ConexionDB --- Line: 28
File: /www/fastdevelphp3/core/FD_ConexionDB.php --- Function: retractDB --- Line: 28
File: /www/fastdevelphp3/core/FD_ConexionDB.php --- Function: getFieldsTable --- Line: 172
File: /www/fastdevelphp3/core/FD_ConexionDB.php --- Function: execQuery --- Line: 149
File: /www/fastdevelphp3/core/FD_ConexionDB.php --- Function: fd_log --- Line: 41


SHOW COLUMNS FROM status_project
File: /www/fastdevelphp3/core/Owen.php --- Function: __construct --- Line: 235
File: /www/fastdevelphp3/app/controllers/fastdevelphp/UI_scaffold_Controller.php --- Function: FD_Management --- Line: 15
File: /www/fastdevelphp3/core/FD_Management.php --- Function: FD_ConexionDB --- Line: 28
File: /www/fastdevelphp3/core/FD_ConexionDB.php --- Function: retractDB --- Line: 28
File: /www/fastdevelphp3/core/FD_ConexionDB.php --- Function: getKeysTable --- Line: 173
File: /www/fastdevelphp3/core/FD_ConexionDB.php --- Function: execQuery --- Line: 103
File: /www/fastdevelphp3/core/FD_ConexionDB.php --- Function: fd_log --- Line: 41


SHOW COLUMNS FROM status_sprint
File: /www/fastdevelphp3/core/Owen.php --- Function: __construct --- Line: 235
File: /www/fastdevelphp3/app/controllers/fastdevelphp/UI_scaffold_Controller.php --- Function: FD_Management --- Line: 15
File: /www/fastdevelphp3/core/FD_Management.php --- Function: FD_ConexionDB --- Line: 28
File: /www/fastdevelphp3/core/FD_ConexionDB.php --- Function: retractDB --- Line: 28
File: /www/fastdevelphp3/core/FD_ConexionDB.php --- Function: getFieldsTable --- Line: 172
File: /www/fastdevelphp3/core/FD_ConexionDB.php --- Function: execQuery --- Line: 149
File: /www/fastdevelphp3/core/FD_ConexionDB.php --- Function: fd_log --- Line: 41


SHOW COLUMNS FROM status_sprint
File: /www/fastdevelphp3/core/Owen.php --- Function: __construct --- Line: 235
File: /www/fastdevelphp3/app/controllers/fastdevelphp/UI_scaffold_Controller.php --- Function: FD_Management --- Line: 15
File: /www/fastdevelphp3/core/FD_Management.php --- Function: FD_ConexionDB --- Line: 28
File: /www/fastdevelphp3/core/FD_ConexionDB.php --- Function: retractDB --- Line: 28
File: /www/fastdevelphp3/core/FD_ConexionDB.php --- Function: getKeysTable --- Line: 173
File: /www/fastdevelphp3/core/FD_ConexionDB.php --- Function: execQuery --- Line: 103
File: /www/fastdevelphp3/core/FD_ConexionDB.php --- Function: fd_log --- Line: 41


SHOW COLUMNS FROM status_task
File: /www/fastdevelphp3/core/Owen.php --- Function: __construct --- Line: 235
File: /www/fastdevelphp3/app/controllers/fastdevelphp/UI_scaffold_Controller.php --- Function: FD_Management --- Line: 15
File: /www/fastdevelphp3/core/FD_Management.php --- Function: FD_ConexionDB --- Line: 28
File: /www/fastdevelphp3/core/FD_ConexionDB.php --- Function: retractDB --- Line: 28
File: /www/fastdevelphp3/core/FD_ConexionDB.php --- Function: getFieldsTable --- Line: 172
File: /www/fastdevelphp3/core/FD_ConexionDB.php --- Function: execQuery --- Line: 149
File: /www/fastdevelphp3/core/FD_ConexionDB.php --- Function: fd_log --- Line: 41


SHOW COLUMNS FROM status_task
File: /www/fastdevelphp3/core/Owen.php --- Function: __construct --- Line: 235
File: /www/fastdevelphp3/app/controllers/fastdevelphp/UI_scaffold_Controller.php --- Function: FD_Management --- Line: 15
File: /www/fastdevelphp3/core/FD_Management.php --- Function: FD_ConexionDB --- Line: 28
File: /www/fastdevelphp3/core/FD_ConexionDB.php --- Function: retractDB --- Line: 28
File: /www/fastdevelphp3/core/FD_ConexionDB.php --- Function: getKeysTable --- Line: 173
File: /www/fastdevelphp3/core/FD_ConexionDB.php --- Function: execQuery --- Line: 103
File: /www/fastdevelphp3/core/FD_ConexionDB.php --- Function: fd_log --- Line: 41


SHOW COLUMNS FROM suggestion
File: /www/fastdevelphp3/core/Owen.php --- Function: __construct --- Line: 235
File: /www/fastdevelphp3/app/controllers/fastdevelphp/UI_scaffold_Controller.php --- Function: FD_Management --- Line: 15
File: /www/fastdevelphp3/core/FD_Management.php --- Function: FD_ConexionDB --- Line: 28
File: /www/fastdevelphp3/core/FD_ConexionDB.php --- Function: retractDB --- Line: 28
File: /www/fastdevelphp3/core/FD_ConexionDB.php --- Function: getFieldsTable --- Line: 172
File: /www/fastdevelphp3/core/FD_ConexionDB.php --- Function: execQuery --- Line: 149
File: /www/fastdevelphp3/core/FD_ConexionDB.php --- Function: fd_log --- Line: 41


SHOW COLUMNS FROM suggestion
File: /www/fastdevelphp3/core/Owen.php --- Function: __construct --- Line: 235
File: /www/fastdevelphp3/app/controllers/fastdevelphp/UI_scaffold_Controller.php --- Function: FD_Management --- Line: 15
File: /www/fastdevelphp3/core/FD_Management.php --- Function: FD_ConexionDB --- Line: 28
File: /www/fastdevelphp3/core/FD_ConexionDB.php --- Function: retractDB --- Line: 28
File: /www/fastdevelphp3/core/FD_ConexionDB.php --- Function: getKeysTable --- Line: 173
File: /www/fastdevelphp3/core/FD_ConexionDB.php --- Function: execQuery --- Line: 103
File: /www/fastdevelphp3/core/FD_ConexionDB.php --- Function: fd_log --- Line: 41


SHOW COLUMNS FROM task
File: /www/fastdevelphp3/core/Owen.php --- Function: __construct --- Line: 235
File: /www/fastdevelphp3/app/controllers/fastdevelphp/UI_scaffold_Controller.php --- Function: FD_Management --- Line: 15
File: /www/fastdevelphp3/core/FD_Management.php --- Function: FD_ConexionDB --- Line: 28
File: /www/fastdevelphp3/core/FD_ConexionDB.php --- Function: retractDB --- Line: 28
File: /www/fastdevelphp3/core/FD_ConexionDB.php --- Function: getFieldsTable --- Line: 172
File: /www/fastdevelphp3/core/FD_ConexionDB.php --- Function: execQuery --- Line: 149
File: /www/fastdevelphp3/core/FD_ConexionDB.php --- Function: fd_log --- Line: 41


SHOW COLUMNS FROM task
File: /www/fastdevelphp3/core/Owen.php --- Function: __construct --- Line: 235
File: /www/fastdevelphp3/app/controllers/fastdevelphp/UI_scaffold_Controller.php --- Function: FD_Management --- Line: 15
File: /www/fastdevelphp3/core/FD_Management.php --- Function: FD_ConexionDB --- Line: 28
File: /www/fastdevelphp3/core/FD_ConexionDB.php --- Function: retractDB --- Line: 28
File: /www/fastdevelphp3/core/FD_ConexionDB.php --- Function: getKeysTable --- Line: 173
File: /www/fastdevelphp3/core/FD_ConexionDB.php --- Function: execQuery --- Line: 103
File: /www/fastdevelphp3/core/FD_ConexionDB.php --- Function: fd_log --- Line: 41


SHOW COLUMNS FROM task_asigned
File: /www/fastdevelphp3/core/Owen.php --- Function: __construct --- Line: 235
File: /www/fastdevelphp3/app/controllers/fastdevelphp/UI_scaffold_Controller.php --- Function: FD_Management --- Line: 15
File: /www/fastdevelphp3/core/FD_Management.php --- Function: FD_ConexionDB --- Line: 28
File: /www/fastdevelphp3/core/FD_ConexionDB.php --- Function: retractDB --- Line: 28
File: /www/fastdevelphp3/core/FD_ConexionDB.php --- Function: getFieldsTable --- Line: 172
File: /www/fastdevelphp3/core/FD_ConexionDB.php --- Function: execQuery --- Line: 149
File: /www/fastdevelphp3/core/FD_ConexionDB.php --- Function: fd_log --- Line: 41


SHOW COLUMNS FROM task_asigned
File: /www/fastdevelphp3/core/Owen.php --- Function: __construct --- Line: 235
File: /www/fastdevelphp3/app/controllers/fastdevelphp/UI_scaffold_Controller.php --- Function: FD_Management --- Line: 15
File: /www/fastdevelphp3/core/FD_Management.php --- Function: FD_ConexionDB --- Line: 28
File: /www/fastdevelphp3/core/FD_ConexionDB.php --- Function: retractDB --- Line: 28
File: /www/fastdevelphp3/core/FD_ConexionDB.php --- Function: getKeysTable --- Line: 173
File: /www/fastdevelphp3/core/FD_ConexionDB.php --- Function: execQuery --- Line: 103
File: /www/fastdevelphp3/core/FD_ConexionDB.php --- Function: fd_log --- Line: 41


SHOW COLUMNS FROM task_changes
File: /www/fastdevelphp3/core/Owen.php --- Function: __construct --- Line: 235
File: /www/fastdevelphp3/app/controllers/fastdevelphp/UI_scaffold_Controller.php --- Function: FD_Management --- Line: 15
File: /www/fastdevelphp3/core/FD_Management.php --- Function: FD_ConexionDB --- Line: 28
File: /www/fastdevelphp3/core/FD_ConexionDB.php --- Function: retractDB --- Line: 28
File: /www/fastdevelphp3/core/FD_ConexionDB.php --- Function: getFieldsTable --- Line: 172
File: /www/fastdevelphp3/core/FD_ConexionDB.php --- Function: execQuery --- Line: 149
File: /www/fastdevelphp3/core/FD_ConexionDB.php --- Function: fd_log --- Line: 41


SHOW COLUMNS FROM task_changes
File: /www/fastdevelphp3/core/Owen.php --- Function: __construct --- Line: 235
File: /www/fastdevelphp3/app/controllers/fastdevelphp/UI_scaffold_Controller.php --- Function: FD_Management --- Line: 15
File: /www/fastdevelphp3/core/FD_Management.php --- Function: FD_ConexionDB --- Line: 28
File: /www/fastdevelphp3/core/FD_ConexionDB.php --- Function: retractDB --- Line: 28
File: /www/fastdevelphp3/core/FD_ConexionDB.php --- Function: getKeysTable --- Line: 173
File: /www/fastdevelphp3/core/FD_ConexionDB.php --- Function: execQuery --- Line: 103
File: /www/fastdevelphp3/core/FD_ConexionDB.php --- Function: fd_log --- Line: 41


SHOW COLUMNS FROM time
File: /www/fastdevelphp3/core/Owen.php --- Function: __construct --- Line: 235
File: /www/fastdevelphp3/app/controllers/fastdevelphp/UI_scaffold_Controller.php --- Function: FD_Management --- Line: 15
File: /www/fastdevelphp3/core/FD_Management.php --- Function: FD_ConexionDB --- Line: 28
File: /www/fastdevelphp3/core/FD_ConexionDB.php --- Function: retractDB --- Line: 28
File: /www/fastdevelphp3/core/FD_ConexionDB.php --- Function: getFieldsTable --- Line: 172
File: /www/fastdevelphp3/core/FD_ConexionDB.php --- Function: execQuery --- Line: 149
File: /www/fastdevelphp3/core/FD_ConexionDB.php --- Function: fd_log --- Line: 41


SHOW COLUMNS FROM time
File: /www/fastdevelphp3/core/Owen.php --- Function: __construct --- Line: 235
File: /www/fastdevelphp3/app/controllers/fastdevelphp/UI_scaffold_Controller.php --- Function: FD_Management --- Line: 15
File: /www/fastdevelphp3/core/FD_Management.php --- Function: FD_ConexionDB --- Line: 28
File: /www/fastdevelphp3/core/FD_ConexionDB.php --- Function: retractDB --- Line: 28
File: /www/fastdevelphp3/core/FD_ConexionDB.php --- Function: getKeysTable --- Line: 173
File: /www/fastdevelphp3/core/FD_ConexionDB.php --- Function: execQuery --- Line: 103
File: /www/fastdevelphp3/core/FD_ConexionDB.php --- Function: fd_log --- Line: 41


SHOW COLUMNS FROM type_feedback
File: /www/fastdevelphp3/core/Owen.php --- Function: __construct --- Line: 235
File: /www/fastdevelphp3/app/controllers/fastdevelphp/UI_scaffold_Controller.php --- Function: FD_Management --- Line: 15
File: /www/fastdevelphp3/core/FD_Management.php --- Function: FD_ConexionDB --- Line: 28
File: /www/fastdevelphp3/core/FD_ConexionDB.php --- Function: retractDB --- Line: 28
File: /www/fastdevelphp3/core/FD_ConexionDB.php --- Function: getFieldsTable --- Line: 172
File: /www/fastdevelphp3/core/FD_ConexionDB.php --- Function: execQuery --- Line: 149
File: /www/fastdevelphp3/core/FD_ConexionDB.php --- Function: fd_log --- Line: 41


SHOW COLUMNS FROM type_feedback
File: /www/fastdevelphp3/core/Owen.php --- Function: __construct --- Line: 235
File: /www/fastdevelphp3/app/controllers/fastdevelphp/UI_scaffold_Controller.php --- Function: FD_Management --- Line: 15
File: /www/fastdevelphp3/core/FD_Management.php --- Function: FD_ConexionDB --- Line: 28
File: /www/fastdevelphp3/core/FD_ConexionDB.php --- Function: retractDB --- Line: 28
File: /www/fastdevelphp3/core/FD_ConexionDB.php --- Function: getKeysTable --- Line: 173
File: /www/fastdevelphp3/core/FD_ConexionDB.php --- Function: execQuery --- Line: 103
File: /www/fastdevelphp3/core/FD_ConexionDB.php --- Function: fd_log --- Line: 41


SHOW COLUMNS FROM type_perm
File: /www/fastdevelphp3/core/Owen.php --- Function: __construct --- Line: 235
File: /www/fastdevelphp3/app/controllers/fastdevelphp/UI_scaffold_Controller.php --- Function: FD_Management --- Line: 15
File: /www/fastdevelphp3/core/FD_Management.php --- Function: FD_ConexionDB --- Line: 28
File: /www/fastdevelphp3/core/FD_ConexionDB.php --- Function: retractDB --- Line: 28
File: /www/fastdevelphp3/core/FD_ConexionDB.php --- Function: getFieldsTable --- Line: 172
File: /www/fastdevelphp3/core/FD_ConexionDB.php --- Function: execQuery --- Line: 149
File: /www/fastdevelphp3/core/FD_ConexionDB.php --- Function: fd_log --- Line: 41


SHOW COLUMNS FROM type_perm
File: /www/fastdevelphp3/core/Owen.php --- Function: __construct --- Line: 235
File: /www/fastdevelphp3/app/controllers/fastdevelphp/UI_scaffold_Controller.php --- Function: FD_Management --- Line: 15
File: /www/fastdevelphp3/core/FD_Management.php --- Function: FD_ConexionDB --- Line: 28
File: /www/fastdevelphp3/core/FD_ConexionDB.php --- Function: retractDB --- Line: 28
File: /www/fastdevelphp3/core/FD_ConexionDB.php --- Function: getKeysTable --- Line: 173
File: /www/fastdevelphp3/core/FD_ConexionDB.php --- Function: execQuery --- Line: 103
File: /www/fastdevelphp3/core/FD_ConexionDB.php --- Function: fd_log --- Line: 41


SHOW COLUMNS FROM type_sprint
File: /www/fastdevelphp3/core/Owen.php --- Function: __construct --- Line: 235
File: /www/fastdevelphp3/app/controllers/fastdevelphp/UI_scaffold_Controller.php --- Function: FD_Management --- Line: 15
File: /www/fastdevelphp3/core/FD_Management.php --- Function: FD_ConexionDB --- Line: 28
File: /www/fastdevelphp3/core/FD_ConexionDB.php --- Function: retractDB --- Line: 28
File: /www/fastdevelphp3/core/FD_ConexionDB.php --- Function: getFieldsTable --- Line: 172
File: /www/fastdevelphp3/core/FD_ConexionDB.php --- Function: execQuery --- Line: 149
File: /www/fastdevelphp3/core/FD_ConexionDB.php --- Function: fd_log --- Line: 41


SHOW COLUMNS FROM type_sprint
File: /www/fastdevelphp3/core/Owen.php --- Function: __construct --- Line: 235
File: /www/fastdevelphp3/app/controllers/fastdevelphp/UI_scaffold_Controller.php --- Function: FD_Management --- Line: 15
File: /www/fastdevelphp3/core/FD_Management.php --- Function: FD_ConexionDB --- Line: 28
File: /www/fastdevelphp3/core/FD_ConexionDB.php --- Function: retractDB --- Line: 28
File: /www/fastdevelphp3/core/FD_ConexionDB.php --- Function: getKeysTable --- Line: 173
File: /www/fastdevelphp3/core/FD_ConexionDB.php --- Function: execQuery --- Line: 103
File: /www/fastdevelphp3/core/FD_ConexionDB.php --- Function: fd_log --- Line: 41


SHOW COLUMNS FROM type_task
File: /www/fastdevelphp3/core/Owen.php --- Function: __construct --- Line: 235
File: /www/fastdevelphp3/app/controllers/fastdevelphp/UI_scaffold_Controller.php --- Function: FD_Management --- Line: 15
File: /www/fastdevelphp3/core/FD_Management.php --- Function: FD_ConexionDB --- Line: 28
File: /www/fastdevelphp3/core/FD_ConexionDB.php --- Function: retractDB --- Line: 28
File: /www/fastdevelphp3/core/FD_ConexionDB.php --- Function: getFieldsTable --- Line: 172
File: /www/fastdevelphp3/core/FD_ConexionDB.php --- Function: execQuery --- Line: 149
File: /www/fastdevelphp3/core/FD_ConexionDB.php --- Function: fd_log --- Line: 41


SHOW COLUMNS FROM type_task
File: /www/fastdevelphp3/core/Owen.php --- Function: __construct --- Line: 235
File: /www/fastdevelphp3/app/controllers/fastdevelphp/UI_scaffold_Controller.php --- Function: FD_Management --- Line: 15
File: /www/fastdevelphp3/core/FD_Management.php --- Function: FD_ConexionDB --- Line: 28
File: /www/fastdevelphp3/core/FD_ConexionDB.php --- Function: retractDB --- Line: 28
File: /www/fastdevelphp3/core/FD_ConexionDB.php --- Function: getKeysTable --- Line: 173
File: /www/fastdevelphp3/core/FD_ConexionDB.php --- Function: execQuery --- Line: 103
File: /www/fastdevelphp3/core/FD_ConexionDB.php --- Function: fd_log --- Line: 41




--------------------VISITED AT: 2013-09-30 09:56:03--------------------


SHOW TABLES FROM jirabol
File: /www/fastdevelphp3/core/Owen.php --- Function: __construct --- Line: 235
File: /www/fastdevelphp3/app/controllers/Home_Controller.php --- Function: FD_Management --- Line: 15
File: /www/fastdevelphp3/core/FD_Management.php --- Function: FD_ConexionDB --- Line: 28
File: /www/fastdevelphp3/core/FD_ConexionDB.php --- Function: retractDB --- Line: 28
File: /www/fastdevelphp3/core/FD_ConexionDB.php --- Function: getDatabaseTables --- Line: 166
File: /www/fastdevelphp3/core/FD_ConexionDB.php --- Function: execQuery --- Line: 128
File: /www/fastdevelphp3/core/FD_ConexionDB.php --- Function: fd_log --- Line: 41




--------------------VISITED AT: 2013-09-30 09:56:09--------------------


SHOW TABLES FROM jirabol
File: /www/fastdevelphp3/core/Owen.php --- Function: __construct --- Line: 235
File: /www/fastdevelphp3/app/controllers/fastdevelphp/UI_scaffold_Controller.php --- Function: FD_Management --- Line: 15
File: /www/fastdevelphp3/core/FD_Management.php --- Function: FD_ConexionDB --- Line: 28
File: /www/fastdevelphp3/core/FD_ConexionDB.php --- Function: retractDB --- Line: 28
File: /www/fastdevelphp3/core/FD_ConexionDB.php --- Function: getDatabaseTables --- Line: 166
File: /www/fastdevelphp3/core/FD_ConexionDB.php --- Function: execQuery --- Line: 128
File: /www/fastdevelphp3/core/FD_ConexionDB.php --- Function: fd_log --- Line: 41




--------------------VISITED AT: 2013-09-30 09:56:11--------------------


SHOW TABLES FROM jirabol
File: /www/fastdevelphp3/core/Owen.php --- Function: __construct --- Line: 235
File: /www/fastdevelphp3/app/controllers/fastdevelphp/UI_scaffold_Controller.php --- Function: FD_Management --- Line: 15
File: /www/fastdevelphp3/core/FD_Management.php --- Function: FD_ConexionDB --- Line: 28
File: /www/fastdevelphp3/core/FD_ConexionDB.php --- Function: retractDB --- Line: 28
File: /www/fastdevelphp3/core/FD_ConexionDB.php --- Function: getDatabaseTables --- Line: 166
File: /www/fastdevelphp3/core/FD_ConexionDB.php --- Function: execQuery --- Line: 128
File: /www/fastdevelphp3/core/FD_ConexionDB.php --- Function: fd_log --- Line: 41


SHOW TABLES FROM jirabol
File: /www/fastdevelphp3/core/Owen.php --- Function: call_user_func_array --- Line: 239
File: /www/fastdevelphp3/app/controllers/fastdevelphp/UI_scaffold_Controller.php --- Function: getDatabaseTables --- Line: 26
File: /www/fastdevelphp3/core/FD_ConexionDB.php --- Function: execQuery --- Line: 128
File: /www/fastdevelphp3/core/FD_ConexionDB.php --- Function: fd_log --- Line: 41


SHOW COLUMNS FROM asign_project
File: /www/fastdevelphp3/core/Owen.php --- Function: call_user_func_array --- Line: 239
File: /www/fastdevelphp3/app/controllers/fastdevelphp/UI_scaffold_Controller.php --- Function: getFieldsTable --- Line: 33
File: /www/fastdevelphp3/core/FD_ConexionDB.php --- Function: execQuery --- Line: 149
File: /www/fastdevelphp3/core/FD_ConexionDB.php --- Function: fd_log --- Line: 41




--------------------VISITED AT: 2013-09-30 09:56:11--------------------


SHOW TABLES FROM jirabol
File: /www/fastdevelphp3/core/Owen.php --- Function: __construct --- Line: 235
File: /www/fastdevelphp3/app/controllers/fastdevelphp/UI_scaffold_Controller.php --- Function: FD_Management --- Line: 15
File: /www/fastdevelphp3/core/FD_Management.php --- Function: FD_ConexionDB --- Line: 28
File: /www/fastdevelphp3/core/FD_ConexionDB.php --- Function: retractDB --- Line: 28
File: /www/fastdevelphp3/core/FD_ConexionDB.php --- Function: getDatabaseTables --- Line: 166
File: /www/fastdevelphp3/core/FD_ConexionDB.php --- Function: execQuery --- Line: 128
File: /www/fastdevelphp3/core/FD_ConexionDB.php --- Function: fd_log --- Line: 41




--------------------VISITED AT: 2013-09-30 09:56:11--------------------


SHOW TABLES FROM jirabol
File: /www/fastdevelphp3/core/Owen.php --- Function: __construct --- Line: 235
File: /www/fastdevelphp3/app/controllers/fastdevelphp/UI_scaffold_Controller.php --- Function: FD_Management --- Line: 15
File: /www/fastdevelphp3/core/FD_Management.php --- Function: FD_ConexionDB --- Line: 28
File: /www/fastdevelphp3/core/FD_ConexionDB.php --- Function: retractDB --- Line: 28
File: /www/fastdevelphp3/core/FD_ConexionDB.php --- Function: getDatabaseTables --- Line: 166
File: /www/fastdevelphp3/core/FD_ConexionDB.php --- Function: execQuery --- Line: 128
File: /www/fastdevelphp3/core/FD_ConexionDB.php --- Function: fd_log --- Line: 41


SHOW TABLES FROM jirabol
File: /www/fastdevelphp3/core/Owen.php --- Function: call_user_func_array --- Line: 239
File: /www/fastdevelphp3/app/controllers/fastdevelphp/UI_scaffold_Controller.php --- Function: getDatabaseTables --- Line: 94
File: /www/fastdevelphp3/core/FD_ConexionDB.php --- Function: execQuery --- Line: 128
File: /www/fastdevelphp3/core/FD_ConexionDB.php --- Function: fd_log --- Line: 41


SHOW COLUMNS FROM asign_project
File: /www/fastdevelphp3/core/Owen.php --- Function: call_user_func_array --- Line: 239
File: /www/fastdevelphp3/app/controllers/fastdevelphp/UI_scaffold_Controller.php --- Function: getFieldsTable --- Line: 102
File: /www/fastdevelphp3/core/FD_ConexionDB.php --- Function: execQuery --- Line: 149
File: /www/fastdevelphp3/core/FD_ConexionDB.php --- Function: fd_log --- Line: 41




--------------------VISITED AT: 2013-09-30 09:56:11--------------------


SHOW TABLES FROM jirabol
File: /www/fastdevelphp3/core/Owen.php --- Function: __construct --- Line: 235
File: /www/fastdevelphp3/app/controllers/fastdevelphp/UI_scaffold_Controller.php --- Function: FD_Management --- Line: 15
File: /www/fastdevelphp3/core/FD_Management.php --- Function: FD_ConexionDB --- Line: 28
File: /www/fastdevelphp3/core/FD_ConexionDB.php --- Function: retractDB --- Line: 28
File: /www/fastdevelphp3/core/FD_ConexionDB.php --- Function: getDatabaseTables --- Line: 166
File: /www/fastdevelphp3/core/FD_ConexionDB.php --- Function: execQuery --- Line: 128
File: /www/fastdevelphp3/core/FD_ConexionDB.php --- Function: fd_log --- Line: 41


SHOW COLUMNS FROM asign_project
File: /www/fastdevelphp3/core/Owen.php --- Function: call_user_func_array --- Line: 239
File: /www/fastdevelphp3/app/controllers/fastdevelphp/UI_scaffold_Controller.php --- Function: getFieldsTable --- Line: 65
File: /www/fastdevelphp3/core/FD_ConexionDB.php --- Function: execQuery --- Line: 149
File: /www/fastdevelphp3/core/FD_ConexionDB.php --- Function: fd_log --- Line: 41




--------------------VISITED AT: 2013-09-30 09:56:11--------------------


SHOW TABLES FROM jirabol
File: /www/fastdevelphp3/core/Owen.php --- Function: __construct --- Line: 235
File: /www/fastdevelphp3/app/controllers/fastdevelphp/UI_scaffold_Controller.php --- Function: FD_Management --- Line: 15
File: /www/fastdevelphp3/core/FD_Management.php --- Function: FD_ConexionDB --- Line: 28
File: /www/fastdevelphp3/core/FD_ConexionDB.php --- Function: retractDB --- Line: 28
File: /www/fastdevelphp3/core/FD_ConexionDB.php --- Function: getDatabaseTables --- Line: 166
File: /www/fastdevelphp3/core/FD_ConexionDB.php --- Function: execQuery --- Line: 128
File: /www/fastdevelphp3/core/FD_ConexionDB.php --- Function: fd_log --- Line: 41


SHOW COLUMNS FROM asign_project
File: /www/fastdevelphp3/core/Owen.php --- Function: call_user_func_array --- Line: 239
File: /www/fastdevelphp3/app/controllers/fastdevelphp/UI_scaffold_Controller.php --- Function: getFieldsTable --- Line: 65
File: /www/fastdevelphp3/core/FD_ConexionDB.php --- Function: execQuery --- Line: 149
File: /www/fastdevelphp3/core/FD_ConexionDB.php --- Function: fd_log --- Line: 41




--------------------VISITED AT: 2013-09-30 09:56:11--------------------


SHOW TABLES FROM jirabol
File: /www/fastdevelphp3/core/Owen.php --- Function: __construct --- Line: 235
File: /www/fastdevelphp3/app/controllers/fastdevelphp/UI_scaffold_Controller.php --- Function: FD_Management --- Line: 15
File: /www/fastdevelphp3/core/FD_Management.php --- Function: FD_ConexionDB --- Line: 28
File: /www/fastdevelphp3/core/FD_ConexionDB.php --- Function: retractDB --- Line: 28
File: /www/fastdevelphp3/core/FD_ConexionDB.php --- Function: getDatabaseTables --- Line: 166
File: /www/fastdevelphp3/core/FD_ConexionDB.php --- Function: execQuery --- Line: 128
File: /www/fastdevelphp3/core/FD_ConexionDB.php --- Function: fd_log --- Line: 41


SHOW COLUMNS FROM asign_project
File: /www/fastdevelphp3/core/Owen.php --- Function: call_user_func_array --- Line: 239
File: /www/fastdevelphp3/app/controllers/fastdevelphp/UI_scaffold_Controller.php --- Function: getFieldsTable --- Line: 65
File: /www/fastdevelphp3/core/FD_ConexionDB.php --- Function: execQuery --- Line: 149
File: /www/fastdevelphp3/core/FD_ConexionDB.php --- Function: fd_log --- Line: 41




--------------------VISITED AT: 2013-12-12 15:59:40--------------------


SHOW TABLES FROM jirabol
File: /www/fastdevelphp3/core/Owen.php --- Function: __construct --- Line: 235
File: /www/fastdevelphp3/app/controllers/Home_Controller.php --- Function: FD_Management --- Line: 15
File: /www/fastdevelphp3/core/FD_Management.php --- Function: FD_ConexionDB --- Line: 28
File: /www/fastdevelphp3/core/FD_ConexionDB.php --- Function: retractDB --- Line: 28
File: /www/fastdevelphp3/core/FD_ConexionDB.php --- Function: getDatabaseTables --- Line: 166
File: /www/fastdevelphp3/core/FD_ConexionDB.php --- Function: execQuery --- Line: 128
File: /www/fastdevelphp3/core/FD_ConexionDB.php --- Function: fd_log --- Line: 41




--------------------VISITED AT: 2013-12-12 15:59:43--------------------


SHOW TABLES FROM jirabol
File: /www/fastdevelphp3/core/Owen.php --- Function: __construct --- Line: 235
File: /www/fastdevelphp3/app/controllers/fastdevelphp/UI_scaffold_Controller.php --- Function: FD_Management --- Line: 15
File: /www/fastdevelphp3/core/FD_Management.php --- Function: FD_ConexionDB --- Line: 28
File: /www/fastdevelphp3/core/FD_ConexionDB.php --- Function: retractDB --- Line: 28
File: /www/fastdevelphp3/core/FD_ConexionDB.php --- Function: getDatabaseTables --- Line: 166
File: /www/fastdevelphp3/core/FD_ConexionDB.php --- Function: execQuery --- Line: 128
File: /www/fastdevelphp3/core/FD_ConexionDB.php --- Function: fd_log --- Line: 41




--------------------VISITED AT: 2013-12-12 15:59:45--------------------


SHOW TABLES FROM jirabol
File: /www/fastdevelphp3/core/Owen.php --- Function: __construct --- Line: 235
File: /www/fastdevelphp3/app/controllers/fastdevelphp/UI_scaffold_Controller.php --- Function: FD_Management --- Line: 15
File: /www/fastdevelphp3/core/FD_Management.php --- Function: FD_ConexionDB --- Line: 28
File: /www/fastdevelphp3/core/FD_ConexionDB.php --- Function: retractDB --- Line: 28
File: /www/fastdevelphp3/core/FD_ConexionDB.php --- Function: getDatabaseTables --- Line: 166
File: /www/fastdevelphp3/core/FD_ConexionDB.php --- Function: execQuery --- Line: 128
File: /www/fastdevelphp3/core/FD_ConexionDB.php --- Function: fd_log --- Line: 41


SHOW TABLES FROM jirabol
File: /www/fastdevelphp3/core/Owen.php --- Function: call_user_func_array --- Line: 239
File: /www/fastdevelphp3/app/controllers/fastdevelphp/UI_scaffold_Controller.php --- Function: getDatabaseTables --- Line: 26
File: /www/fastdevelphp3/core/FD_ConexionDB.php --- Function: execQuery --- Line: 128
File: /www/fastdevelphp3/core/FD_ConexionDB.php --- Function: fd_log --- Line: 41


SHOW COLUMNS FROM asign_project
File: /www/fastdevelphp3/core/Owen.php --- Function: call_user_func_array --- Line: 239
File: /www/fastdevelphp3/app/controllers/fastdevelphp/UI_scaffold_Controller.php --- Function: getFieldsTable --- Line: 33
File: /www/fastdevelphp3/core/FD_ConexionDB.php --- Function: execQuery --- Line: 149
File: /www/fastdevelphp3/core/FD_ConexionDB.php --- Function: fd_log --- Line: 41




--------------------VISITED AT: 2013-12-12 15:59:45--------------------


SHOW TABLES FROM jirabol
File: /www/fastdevelphp3/core/Owen.php --- Function: __construct --- Line: 235
File: /www/fastdevelphp3/app/controllers/fastdevelphp/UI_scaffold_Controller.php --- Function: FD_Management --- Line: 15
File: /www/fastdevelphp3/core/FD_Management.php --- Function: FD_ConexionDB --- Line: 28
File: /www/fastdevelphp3/core/FD_ConexionDB.php --- Function: retractDB --- Line: 28
File: /www/fastdevelphp3/core/FD_ConexionDB.php --- Function: getDatabaseTables --- Line: 166
File: /www/fastdevelphp3/core/FD_ConexionDB.php --- Function: execQuery --- Line: 128
File: /www/fastdevelphp3/core/FD_ConexionDB.php --- Function: fd_log --- Line: 41




--------------------VISITED AT: 2013-12-12 15:59:45--------------------


SHOW TABLES FROM jirabol
File: /www/fastdevelphp3/core/Owen.php --- Function: __construct --- Line: 235
File: /www/fastdevelphp3/app/controllers/fastdevelphp/UI_scaffold_Controller.php --- Function: FD_Management --- Line: 15
File: /www/fastdevelphp3/core/FD_Management.php --- Function: FD_ConexionDB --- Line: 28
File: /www/fastdevelphp3/core/FD_ConexionDB.php --- Function: retractDB --- Line: 28
File: /www/fastdevelphp3/core/FD_ConexionDB.php --- Function: getDatabaseTables --- Line: 166
File: /www/fastdevelphp3/core/FD_ConexionDB.php --- Function: execQuery --- Line: 128
File: /www/fastdevelphp3/core/FD_ConexionDB.php --- Function: fd_log --- Line: 41


SHOW TABLES FROM jirabol
File: /www/fastdevelphp3/core/Owen.php --- Function: call_user_func_array --- Line: 239
File: /www/fastdevelphp3/app/controllers/fastdevelphp/UI_scaffold_Controller.php --- Function: getDatabaseTables --- Line: 94
File: /www/fastdevelphp3/core/FD_ConexionDB.php --- Function: execQuery --- Line: 128
File: /www/fastdevelphp3/core/FD_ConexionDB.php --- Function: fd_log --- Line: 41


SHOW COLUMNS FROM asign_project
File: /www/fastdevelphp3/core/Owen.php --- Function: call_user_func_array --- Line: 239
File: /www/fastdevelphp3/app/controllers/fastdevelphp/UI_scaffold_Controller.php --- Function: getFieldsTable --- Line: 102
File: /www/fastdevelphp3/core/FD_ConexionDB.php --- Function: execQuery --- Line: 149
File: /www/fastdevelphp3/core/FD_ConexionDB.php --- Function: fd_log --- Line: 41




--------------------VISITED AT: 2013-12-12 15:59:46--------------------


SHOW TABLES FROM jirabol
File: /www/fastdevelphp3/core/Owen.php --- Function: __construct --- Line: 235
File: /www/fastdevelphp3/app/controllers/fastdevelphp/UI_scaffold_Controller.php --- Function: FD_Management --- Line: 15
File: /www/fastdevelphp3/core/FD_Management.php --- Function: FD_ConexionDB --- Line: 28
File: /www/fastdevelphp3/core/FD_ConexionDB.php --- Function: retractDB --- Line: 28
File: /www/fastdevelphp3/core/FD_ConexionDB.php --- Function: getDatabaseTables --- Line: 166
File: /www/fastdevelphp3/core/FD_ConexionDB.php --- Function: execQuery --- Line: 128
File: /www/fastdevelphp3/core/FD_ConexionDB.php --- Function: fd_log --- Line: 41


SHOW COLUMNS FROM asign_project
File: /www/fastdevelphp3/core/Owen.php --- Function: call_user_func_array --- Line: 239
File: /www/fastdevelphp3/app/controllers/fastdevelphp/UI_scaffold_Controller.php --- Function: getFieldsTable --- Line: 65
File: /www/fastdevelphp3/core/FD_ConexionDB.php --- Function: execQuery --- Line: 149
File: /www/fastdevelphp3/core/FD_ConexionDB.php --- Function: fd_log --- Line: 41




--------------------VISITED AT: 2013-12-12 15:59:46--------------------


SHOW TABLES FROM jirabol
File: /www/fastdevelphp3/core/Owen.php --- Function: __construct --- Line: 235
File: /www/fastdevelphp3/app/controllers/fastdevelphp/UI_scaffold_Controller.php --- Function: FD_Management --- Line: 15
File: /www/fastdevelphp3/core/FD_Management.php --- Function: FD_ConexionDB --- Line: 28
File: /www/fastdevelphp3/core/FD_ConexionDB.php --- Function: retractDB --- Line: 28
File: /www/fastdevelphp3/core/FD_ConexionDB.php --- Function: getDatabaseTables --- Line: 166
File: /www/fastdevelphp3/core/FD_ConexionDB.php --- Function: execQuery --- Line: 128
File: /www/fastdevelphp3/core/FD_ConexionDB.php --- Function: fd_log --- Line: 41


SHOW COLUMNS FROM asign_project
File: /www/fastdevelphp3/core/Owen.php --- Function: call_user_func_array --- Line: 239
File: /www/fastdevelphp3/app/controllers/fastdevelphp/UI_scaffold_Controller.php --- Function: getFieldsTable --- Line: 65
File: /www/fastdevelphp3/core/FD_ConexionDB.php --- Function: execQuery --- Line: 149
File: /www/fastdevelphp3/core/FD_ConexionDB.php --- Function: fd_log --- Line: 41




--------------------VISITED AT: 2013-12-12 15:59:46--------------------


SHOW TABLES FROM jirabol
File: /www/fastdevelphp3/core/Owen.php --- Function: __construct --- Line: 235
File: /www/fastdevelphp3/app/controllers/fastdevelphp/UI_scaffold_Controller.php --- Function: FD_Management --- Line: 15
File: /www/fastdevelphp3/core/FD_Management.php --- Function: FD_ConexionDB --- Line: 28
File: /www/fastdevelphp3/core/FD_ConexionDB.php --- Function: retractDB --- Line: 28
File: /www/fastdevelphp3/core/FD_ConexionDB.php --- Function: getDatabaseTables --- Line: 166
File: /www/fastdevelphp3/core/FD_ConexionDB.php --- Function: execQuery --- Line: 128
File: /www/fastdevelphp3/core/FD_ConexionDB.php --- Function: fd_log --- Line: 41


SHOW COLUMNS FROM asign_project
File: /www/fastdevelphp3/core/Owen.php --- Function: call_user_func_array --- Line: 239
File: /www/fastdevelphp3/app/controllers/fastdevelphp/UI_scaffold_Controller.php --- Function: getFieldsTable --- Line: 65
File: /www/fastdevelphp3/core/FD_ConexionDB.php --- Function: execQuery --- Line: 149
File: /www/fastdevelphp3/core/FD_ConexionDB.php --- Function: fd_log --- Line: 41




--------------------VISITED AT: 2013-12-12 15:59:52--------------------


SHOW TABLES FROM jirabol
File: /www/fastdevelphp3/core/Owen.php --- Function: __construct --- Line: 235
File: /www/fastdevelphp3/app/controllers/fastdevelphp/UI_scaffold_Controller.php --- Function: FD_Management --- Line: 15
File: /www/fastdevelphp3/core/FD_Management.php --- Function: FD_ConexionDB --- Line: 28
File: /www/fastdevelphp3/core/FD_ConexionDB.php --- Function: retractDB --- Line: 28
File: /www/fastdevelphp3/core/FD_ConexionDB.php --- Function: getDatabaseTables --- Line: 166
File: /www/fastdevelphp3/core/FD_ConexionDB.php --- Function: execQuery --- Line: 128
File: /www/fastdevelphp3/core/FD_ConexionDB.php --- Function: fd_log --- Line: 41
